==> Rcmd.exe check Rcpp_0.12.16.1.tar.gz

* using log directory 'C:/Users/jeroen/Documents/Rcpp.Rcheck'
* using R Under development (unstable) (2018-04-02 r74505)
* using platform: x86_64-w64-mingw32 (64-bit)
* using session charset: ISO8859-1
* checking for file 'Rcpp/DESCRIPTION' ... OK
* this is package 'Rcpp' version '0.12.16.1'
* checking package namespace information ... OK
* checking package dependencies ... OK
* checking if this is a source package ... NOTE
Found the following apparent object files/libraries:
  vignettes/Rcpp-introduction_cache/latex/bootstrap_in_cpp_sourceCpp/sourceCpp-x86_64-w64-mingw32-0.12.16.1/sourcecpp_15c6c7732c1/sourceCpp_2.dll
Object files/libraries should not be included in a source package.
* checking if there is a namespace ... OK
* checking for executable files ... OK
* checking for hidden files and directories ... NOTE
Found the following hidden files and directories:
  .editorconfig
These were most likely included in error. See section 'Package
structure' in the 'Writing R Extensions' manual.
* checking for portable file names ... NOTE
Found the following non-portable file paths:
  Rcpp/vignettes/Rcpp-introduction_cache/latex/bootstrap_in_cpp_sourceCpp/sourceCpp-x86_64-w64-mingw32-0.12.16.1/sourcecpp_15c6c7732c1/sourceCpp_2.dll
  Rcpp/vignettes/Rcpp-introduction_cache/latex/bootstrap_in_cpp_sourceCpp/sourceCpp-x86_64-w64-mingw32-0.12.16.1/sourcecpp_15c6c7732c1

Tarballs are only required to store paths of up to 100 bytes and cannot
store those of more than 256 bytes, with restrictions including to 100
bytes for the final component.
See section 'Package structure' in the 'Writing R Extensions' manual.
* checking whether package 'Rcpp' can be installed ... OK
* checking installed package size ... NOTE
  installed size is 13.6Mb
  sub-directories of 1Mb or more:
    doc       3.0Mb
    include   6.4Mb
    libs      2.5Mb
* checking package directory ... OK
* checking 'build' directory ... OK
* checking DESCRIPTION meta-information ... OK
* checking top-level files ... OK
* checking for left-over files ... OK
* checking index information ... OK
* checking package subdirectories ... OK
* checking R files for non-ASCII characters ... OK
* checking R files for syntax errors ... OK
* loading checks for arch 'i386'
** checking whether the package can be loaded ... OK
** checking whether the package can be loaded with stated dependencies ... OK
** checking whether the package can be unloaded cleanly ... OK
** checking whether the namespace can be loaded with stated dependencies ... OK
** checking whether the namespace can be unloaded cleanly ... OK
* loading checks for arch 'x64'
** checking whether the package can be loaded ... OK
** checking whether the package can be loaded with stated dependencies ... OK
** checking whether the package can be unloaded cleanly ... OK
** checking whether the namespace can be loaded with stated dependencies ... OK
** checking whether the namespace can be unloaded cleanly ... OK
* checking dependencies in R code ... OK
* checking S3 generic/method consistency ... OK
* checking replacement functions ... OK
* checking foreign function calls ... OK
* checking R code for possible problems ... OK
* checking Rd files ... OK
* checking Rd metadata ... OK
* checking Rd cross-references ... OK
* checking for missing documentation entries ... OK
* checking for code/documentation mismatches ... OK
* checking Rd \usage sections ... OK
* checking Rd contents ... OK
* checking for unstated dependencies in examples ... OK
* checking line endings in shell scripts ... OK
* checking line endings in C/C++/Fortran sources/headers ... OK
* checking line endings in Makefiles ... OK
* checking compilation flags in Makevars ... OK
* checking for GNU extensions in Makefiles ... OK
* checking for portable use of $(BLAS_LIBS) and $(LAPACK_LIBS) ... OK
* checking include directives in Makefiles ... OK
* checking compiled code ... OK
* checking installed files from 'inst/doc' ... OK
* checking files in 'vignettes' ... OK
* checking examples ...
** running examples for arch 'i386' ... OK
** running examples for arch 'x64' ... OK
* checking for unstated dependencies in 'tests' ... OK
* checking tests ...
** running tests for arch 'i386' ...
  Running 'doRUnit.R' OK
** running tests for arch 'x64' ...

  Running 'doRUnit.R' OK

* checking for unstated dependencies in vignettes ... OK
* checking package vignettes in 'inst/doc' ... OK
* checking running R code from vignettes ...
   'Rcpp-FAQ.Rmd' using 'UTF-8' ... OK
   'Rcpp-attributes.Rmd' using 'UTF-8' ... OK
   'Rcpp-extending.Rmd' using 'UTF-8' ... OK
   'Rcpp-introduction.Rmd' using 'UTF-8' ... OK
   'Rcpp-modules.Rmd' using 'UTF-8' ... OK
   'Rcpp-package.Rmd' using 'UTF-8' ... OK
   'Rcpp-quickref.Rmd' using 'UTF-8' ... OK
   'Rcpp-sugar.Rmd' using 'UTF-8' ... OK
   'Rcpp-jss-2011.Rnw' ... OK
   'Rcpp-unitTests.Rnw' ... OK
 OK
* checking re-building of vignette outputs ... OK
* checking PDF version of manual ... OK
* DONE
Status: 4 NOTEs

See
  'C:/Users/jeroen/Documents/Rcpp.Rcheck/00check.log'
for details.


R CMD check succeeded